main function
Number of nodes in graph =  313
############ -- Extracting Status Data -- ############
Searching statuses for user:  greenbone
No Statuses found
Searching statuses for user:  ryanvgates
No Statuses found
Searching statuses for user:  Afhessey
No Statuses found
Searching statuses for user:  slightwraith
No Statuses found
Searching statuses for user:  Brett_E_Carlock
No Statuses found
Searching statuses for user:  bmacDonald94
No Statuses found
Searching statuses for user:  dorzig
No Statuses found
Searching statuses for user:  diazona
No Statuses found
Searching statuses for user:  Tireironmonkey
No Statuses found
Searching statuses for user:  Thortallmon
No Statuses found
Searching statuses for user:  DavidNielsen
No Statuses found
Searching statuses for user:  jordanhirsch
No Statuses found
Searching statuses for user:  Leisureguy
Statused Found
Searching statuses for user:  holupwat
No Statuses found
Searching statuses for user:  ke7zum
No Statuses found
Searching statuses for user:  sherrig312
No Statuses found
Searching statuses for user:  Malek34
No Statuses found
Searching statuses for user:  morganeogerbc
No Statuses found
Searching statuses for user:  Macstodon
No Statuses found
Searching statuses for user:  linuxgnome
No Statuses found
Searching statuses for user:  cbdelta
No Statuses found
Searching statuses for user:  Elliott_Garbs1995
No Statuses found
Searching statuses for user:  XraySonoCol
No Statuses found
Searching statuses for user:  Scofisticated
No Statuses found
Searching statuses for user:  big_louse
No Statuses found
Searching statuses for user:  therfornevermor
No Statuses found
Searching statuses for user:  carmwilson
No Statuses found
Searching statuses for user:  EricLawton
No Statuses found
Searching statuses for user:  SusannaShakespeare
No Statuses found
Searching statuses for user:  maiamaia
No Statuses found
Searching statuses for user:  simon_brooke
No Statuses found
Searching statuses for user:  linuxgnome
No Statuses found
Searching statuses for user:  HackettTom
No Statuses found
Searching statuses for user:  robcorp55
No Statuses found
Searching statuses for user:  JoCzechowska
No Statuses found
Searching statuses for user:  DoubleTreble
No Statuses found
Searching statuses for user:  ACAElliott
No Statuses found
Searching statuses for user:  Backtalk9667
No Statuses found
Searching statuses for user:  porhtnasim
No Statuses found
Searching statuses for user:  moredread
No Statuses found
Searching statuses for user:  AlexKarabanow
No Statuses found
Searching statuses for user:  miki_lou
No Statuses found
Searching statuses for user:  SheamusPatt
No Statuses found
Searching statuses for user:  cdnpoli
No Statuses found
Searching statuses for user:  unionmaidns
No Statuses found
Searching statuses for user:  Bruceg
No Statuses found
Searching statuses for user:  NBdatapoints
No Statuses found
Searching statuses for user:  demerara
No Statuses found
Searching statuses for user:  ghutch
No Statuses found
Searching statuses for user:  PatriciaLewis
No Statuses found
Searching statuses for user:  jbrackin01
No Statuses found
Searching statuses for user:  hfinyow
No Statuses found
Searching statuses for user:  JustinDerrick
No Statuses found
Searching statuses for user:  lunar
No Statuses found
Searching statuses for user:  isobeltuliptree
No Statuses found
Searching statuses for user:  Kim_k19
No Statuses found
Searching statuses for user:  BaldEagleGram
No Statuses found
Searching statuses for user:  luvadergolder
No Statuses found
Searching statuses for user:  DeborahForPlus
No Statuses found
Searching statuses for user:  troy_frizzell
No Statuses found
Searching statuses for user:  Pinchy63
No Statuses found
Searching statuses for user:  Tunaloo
No Statuses found
Searching statuses for user:  NeilFederspiel
No Statuses found
Searching statuses for user:  quiddityks
No Statuses found
Searching statuses for user:  TheGentYYC
No Statuses found
Searching statuses for user:  tadbithuman
No Statuses found
Searching statuses for user:  luv_wins
No Statuses found
Searching statuses for user:  TanAn
No Statuses found
Searching statuses for user:  peterdeppisch
No Statuses found
Searching statuses for user:  onpoli
No Statuses found
Searching statuses for user:  ontariogreens
No Statuses found
Searching statuses for user:  anathema_device
No Statuses found
Searching statuses for user:  gwendolenau
No Statuses found
Searching statuses for user:  DavidPenington
No Statuses found
Searching statuses for user:  davej
No Statuses found
Searching statuses for user:  kcarruthers
No Statuses found
Searching statuses for user:  leadegroot
No Statuses found
Searching statuses for user:  forschungstorte
No Statuses found
Searching statuses for user:  ImmedicableME
No Statuses found
Searching statuses for user:  paprikapink
No Statuses found
Searching statuses for user:  oboistaalli
No Statuses found
Searching statuses for user:  straemer
No Statuses found
Searching statuses for user:  baruch
No Statuses found
Searching statuses for user:  peribotsarah
No Statuses found
Searching statuses for user:  thyanel
No Statuses found
Searching statuses for user:  _9CL7T9k8cjnD_
No Statuses found
Searching statuses for user:  Meadhbh
No Statuses found
Searching statuses for user:  snowmanghost
No Statuses found
Searching statuses for user:  paninid
No Statuses found
Searching statuses for user:  Lazarou
No Statuses found
Searching statuses for user:  luggage
No Statuses found
Searching statuses for user:  jna
No Statuses found
Searching statuses for user:  veirling
Statused Found
Searching statuses for user:  BatsInLavender
No Statuses found
Searching statuses for user:  Christo
No Statuses found
Searching statuses for user:  Edelruth
No Statuses found
Searching statuses for user:  AliceMarshall
No Statuses found
Searching statuses for user:  eilonwy
No Statuses found
Searching statuses for user:  MPgh
No Statuses found
Searching statuses for user:  cmooreart
No Statuses found
Searching statuses for user:  earthlingusa
No Statuses found
Searching statuses for user:  oldredsubby
No Statuses found
Searching statuses for user:  LK_Sass
No Statuses found
Searching statuses for user:  no1lion99
No Statuses found
Searching statuses for user:  redcrew
No Statuses found
Searching statuses for user:  JLW
No Statuses found
Searching statuses for user:  grumpybozo
No Statuses found
Searching statuses for user:  Anneheathen
No Statuses found
Searching statuses for user:  lynxcat
No Statuses found
Searching statuses for user:  isotope239
No Statuses found
Searching statuses for user:  Hoos
No Statuses found
Searching statuses for user:  YourNeighbor57
No Statuses found
Searching statuses for user:  Lazarou
No Statuses found
Searching statuses for user:  KimPerales
Statused Found
Searching statuses for user:  AliceMarshall
No Statuses found
Searching statuses for user:  JoeChip
Statused Found
Searching statuses for user:  medley56
No Statuses found
Searching statuses for user:  David_Epithet
No Statuses found
Searching statuses for user:  jstatepost
No Statuses found
Searching statuses for user:  Gigi
No Statuses found
Searching statuses for user:  joshbuchea
No Statuses found
Searching statuses for user:  sabrinacostell3
No Statuses found
Searching statuses for user:  wjd
No Statuses found
Searching statuses for user:  heydavidbailey
No Statuses found
Searching statuses for user:  BernieDoesIt
No Statuses found
Searching statuses for user:  Mama_H
No Statuses found
Searching statuses for user:  mlippert
No Statuses found
Searching statuses for user:  sshann
No Statuses found
Searching statuses for user:  Jorsh
No Statuses found
Searching statuses for user:  winstonm
No Statuses found
Searching statuses for user:  GhostOnTheHalfShell
No Statuses found
Searching statuses for user:  chris_spackman
No Statuses found
Searching statuses for user:  Nonog
No Statuses found
Searching statuses for user:  Christo
No Statuses found
Searching statuses for user:  JudyOlo
No Statuses found
Searching statuses for user:  Compassionatecrab
No Statuses found
Searching statuses for user:  ArunGanti
No Statuses found
Searching statuses for user:  m750
No Statuses found
Searching statuses for user:  Librarianbikes
No Statuses found
Searching statuses for user:  vees
No Statuses found
Searching statuses for user:  nimbus5000
No Statuses found
Searching statuses for user:  antoniopicornell
No Statuses found
Searching statuses for user:  Leeisme
No Statuses found
Searching statuses for user:  rberger
No Statuses found
Searching statuses for user:  eilonwy
No Statuses found
Searching statuses for user:  alpinejoe
No Statuses found
Searching statuses for user:  ashawannaplay
No Statuses found
Searching statuses for user:  cymbaljack
No Statuses found
Searching statuses for user:  misfitkotld
No Statuses found
Searching statuses for user:  BeefGriller
No Statuses found
Searching statuses for user:  BernieDoesIt
No Statuses found
Searching statuses for user:  shekinahcancook
No Statuses found
Searching statuses for user:  Kozmo
No Statuses found
Searching statuses for user:  Jimijamflimflam
No Statuses found
Searching statuses for user:  naodell
No Statuses found
Searching statuses for user:  trisphew
No Statuses found
Searching statuses for user:  ThymeFlies
No Statuses found
Searching statuses for user:  FiveSeventeen
No Statuses found
Searching statuses for user:  blogdiva
No Statuses found
Searching statuses for user:  woozle
No Statuses found
Searching statuses for user:  Wabbit
No Statuses found
Searching statuses for user:  danwentzel
Statused Found
Searching statuses for user:  deraven
No Statuses found
Searching statuses for user:  knapjack
No Statuses found
Searching statuses for user:  gorfram
No Statuses found
Searching statuses for user:  alexanderhay
No Statuses found
Searching statuses for user:  guiltmanager
No Statuses found
Searching statuses for user:  JGRW
No Statuses found
Searching statuses for user:  mmynatt
No Statuses found
Searching statuses for user:  ericg
No Statuses found
Searching statuses for user:  minnfinn
No Statuses found
Searching statuses for user:  wiebepaul
No Statuses found
Searching statuses for user:  aris_tgd
No Statuses found
Searching statuses for user:  dameoutlaw
No Statuses found
Searching statuses for user:  lobstered
No Statuses found
Searching statuses for user:  Wolleysegap
No Statuses found
Searching statuses for user:  damon
No Statuses found
Searching statuses for user:  thewordsaremaps
No Statuses found
Searching statuses for user:  swhunter7
No Statuses found
Searching statuses for user:  cynblogger
No Statuses found
Searching statuses for user:  smooz
No Statuses found
Searching statuses for user:  Light_Angel_12
No Statuses found
Searching statuses for user:  laurocerasus
No Statuses found
Searching statuses for user:  themaskerscomic
No Statuses found
Searching statuses for user:  bestofmastodon
No Statuses found
Searching statuses for user:  SeyMotor
No Statuses found
Searching statuses for user:  flavia_feijo_epi
No Statuses found
Searching statuses for user:  HomerHarlequin
No Statuses found
Searching statuses for user:  nazokiyoubinbou
No Statuses found
Searching statuses for user:  janetlogan
Statused Found
Searching statuses for user:  maggiemaybe
No Statuses found
Searching statuses for user:  Dynamicallydisabled
No Statuses found
Searching statuses for user:  jhall251
No Statuses found
Searching statuses for user:  VulpineAmethyst
No Statuses found
Searching statuses for user:  SuperTwaddle
No Statuses found
Searching statuses for user:  veirling
Statused Found
Searching statuses for user:  BadWoof
No Statuses found
Searching statuses for user:  MorriganResists
No Statuses found
Searching statuses for user:  fernnfaun
No Statuses found
Searching statuses for user:  Mamafalda
No Statuses found
Searching statuses for user:  craigpc
No Statuses found
Searching statuses for user:  inquiline
No Statuses found
Searching statuses for user:  roknrol
No Statuses found
Searching statuses for user:  ImmedicableME
No Statuses found
Searching statuses for user:  paprikapink
No Statuses found
Searching statuses for user:  tag-virginia
No Statuses found
Searching statuses for user:  Prototype9215
No Statuses found
Searching statuses for user:  oldgeek
No Statuses found
Searching statuses for user:  AliceMarshall
No Statuses found
Searching statuses for user:  rainbowdragon
No Statuses found
Searching statuses for user:  lydiaschoch
No Statuses found
Searching statuses for user:  cwicseolfor
No Statuses found
Searching statuses for user:  AliceMarshall
No Statuses found
Searching statuses for user:  fkaOctaviaKeats
No Statuses found
Searching statuses for user:  SallyStrange
No Statuses found
Searching statuses for user:  eowyn
No Statuses found
Searching statuses for user:  artcollisions
No Statuses found
Searching statuses for user:  ecologist
No Statuses found
Searching statuses for user:  RamenCatholic
No Statuses found
Searching statuses for user:  smooz
No Statuses found
Searching statuses for user:  maggiemaybe
No Statuses found
Searching statuses for user:  beatricejess
No Statuses found
Searching statuses for user:  Momgoth
No Statuses found
Searching statuses for user:  ReneeWestberry
No Statuses found
Searching statuses for user:  ricmadeira
No Statuses found
Searching statuses for user:  bobjmsn
No Statuses found
Searching statuses for user:  iBlame
No Statuses found
Searching statuses for user:  GreenSkyOverMe
No Statuses found
Searching statuses for user:  indigo8s
No Statuses found
Searching statuses for user:  Sharksonaplane
No Statuses found
Searching statuses for user:  aral
No Statuses found
Searching statuses for user:  blogdiva
No Statuses found
Searching statuses for user:  lurkingintheplants
No Statuses found
Searching statuses for user:  teajaygrey
No Statuses found
Searching statuses for user:  realn2s
No Statuses found
Searching statuses for user:  thorncoyle
No Statuses found
Searching statuses for user:  thunderfist
No Statuses found
Searching statuses for user:  bhaugen
No Statuses found
Searching statuses for user:  AliceMarshall
No Statuses found
Searching statuses for user:  TashaKostolany
No Statuses found
Searching statuses for user:  salliebecker
No Statuses found
Searching statuses for user:  freejust
No Statuses found
Searching statuses for user:  luggage
No Statuses found
Searching statuses for user:  jna
No Statuses found
Searching statuses for user:  veirling
Statused Found
Searching statuses for user:  BatsInLavender
No Statuses found
Searching statuses for user:  Christo
No Statuses found
Searching statuses for user:  Edelruth
No Statuses found
Searching statuses for user:  AliceMarshall
No Statuses found
Searching statuses for user:  eilonwy
No Statuses found
Searching statuses for user:  MPgh
No Statuses found
Searching statuses for user:  cmooreart
No Statuses found
Searching statuses for user:  earthlingusa
No Statuses found
Searching statuses for user:  oldredsubby
No Statuses found
Searching statuses for user:  LK_Sass
No Statuses found
Searching statuses for user:  no1lion99
No Statuses found
Searching statuses for user:  redcrew
No Statuses found
Searching statuses for user:  JLW
No Statuses found
Searching statuses for user:  grumpybozo
No Statuses found
Searching statuses for user:  Anneheathen
No Statuses found
Searching statuses for user:  lynxcat
No Statuses found
Searching statuses for user:  isotope239
No Statuses found
Searching statuses for user:  Hoos
No Statuses found
Searching statuses for user:  YourNeighbor57
No Statuses found
Searching statuses for user:  Lazarou
No Statuses found
Searching statuses for user:  Yoshi
No Statuses found
Searching statuses for user:  tadbithuman
No Statuses found
Searching statuses for user:  gwaldby
No Statuses found
Searching statuses for user:  AliceMarshall
No Statuses found
Searching statuses for user:  JoeChip
Statused Found
Searching statuses for user:  autogestion
No Statuses found
Searching statuses for user:  BernieDoesIt
No Statuses found
Searching statuses for user:  psychoatberea
No Statuses found
Searching statuses for user:  ericg
No Statuses found
Searching statuses for user:  gdinwiddie
No Statuses found
Searching statuses for user:  null_hypothesis
No Statuses found
Searching statuses for user:  bmacDonald94
No Statuses found
Searching statuses for user:  JAWG
No Statuses found
Searching statuses for user:  seachanger
No Statuses found
Searching statuses for user:  woodrat
No Statuses found
Searching statuses for user:  greenbone
No Statuses found
Searching statuses for user:  ryanvgates
No Statuses found
Searching statuses for user:  Afhessey
No Statuses found
Searching statuses for user:  slightwraith
No Statuses found
Searching statuses for user:  Brett_E_Carlock
No Statuses found
Searching statuses for user:  bmacDonald94
No Statuses found
Searching statuses for user:  dorzig
No Statuses found
Searching statuses for user:  diazona
No Statuses found
Searching statuses for user:  Tireironmonkey
No Statuses found
Searching statuses for user:  Thortallmon
No Statuses found
Searching statuses for user:  DavidNielsen
No Statuses found
Searching statuses for user:  jordanhirsch
No Statuses found
Searching statuses for user:  Leisureguy
No Statuses found
Searching statuses for user:  holupwat
No Statuses found
Searching statuses for user:  ke7zum
No Statuses found
Searching statuses for user:  sherrig312
No Statuses found
Searching statuses for user:  Malek34
No Statuses found
Searching statuses for user:  morganeogerbc
No Statuses found
Searching statuses for user:  Macstodon
No Statuses found
Searching statuses for user:  linuxgnome
No Statuses found
Searching statuses for user:  cbdelta
No Statuses found
Searching statuses for user:  Elliott_Garbs1995
No Statuses found
Searching statuses for user:  XraySonoCol
No Statuses found
Searching statuses for user:  Scofisticated
No Statuses found
Searching statuses for user:  big_louse
No Statuses found
Searching statuses for user:  therfornevermor
No Statuses found
Searching statuses for user:  carmwilson
No Statuses found
Searching statuses for user:  EricLawton
No Statuses found
Searching statuses for user:  SusannaShakespeare
No Statuses found
Searching statuses for user:  maiamaia
No Statuses found
Searching statuses for user:  simon_brooke
No Statuses found
Searching statuses for user:  linuxgnome
No Statuses found
Searching statuses for user:  HackettTom
No Statuses found
Searching statuses for user:  robcorp55
No Statuses found
Searching statuses for user:  JoCzechowska
No Statuses found
Searching statuses for user:  DoubleTreble
No Statuses found
Searching statuses for user:  ACAElliott
No Statuses found
Searching statuses for user:  Backtalk9667
No Statuses found
Searching statuses for user:  porhtnasim
No Statuses found
Searching statuses for user:  moredread
No Statuses found
Searching statuses for user:  AlexKarabanow
No Statuses found
Searching statuses for user:  miki_lou
No Statuses found
Searching statuses for user:  SheamusPatt
No Statuses found
Searching statuses for user:  cdnpoli
No Statuses found
Searching statuses for user:  unionmaidns
No Statuses found
Searching statuses for user:  Bruceg
No Statuses found
Searching statuses for user:  NBdatapoints
No Statuses found
Searching statuses for user:  demerara
No Statuses found
Searching statuses for user:  ghutch
No Statuses found
Searching statuses for user:  PatriciaLewis
No Statuses found
Searching statuses for user:  jbrackin01
No Statuses found
Searching statuses for user:  hfinyow
No Statuses found
Searching statuses for user:  JustinDerrick
No Statuses found
Searching statuses for user:  lunar
No Statuses found
Searching statuses for user:  isobeltuliptree
No Statuses found
Searching statuses for user:  Kim_k19
No Statuses found
Searching statuses for user:  BaldEagleGram
No Statuses found
Searching statuses for user:  luvadergolder
No Statuses found
Searching statuses for user:  DeborahForPlus
No Statuses found
Searching statuses for user:  troy_frizzell
No Statuses found
Searching statuses for user:  Pinchy63
No Statuses found
Searching statuses for user:  Tunaloo
No Statuses found
Searching statuses for user:  NeilFederspiel
No Statuses found
Searching statuses for user:  quiddityks
No Statuses found
Searching statuses for user:  TheGentYYC
No Statuses found
Searching statuses for user:  tadbithuman
No Statuses found
Searching statuses for user:  luv_wins
No Statuses found
Searching statuses for user:  TanAn
No Statuses found
Searching statuses for user:  peterdeppisch
No Statuses found
Searching statuses for user:  onpoli
No Statuses found
Searching statuses for user:  ontariogreens
No Statuses found
Searching statuses for user:  anathema_device
No Statuses found
Searching statuses for user:  gwendolenau
No Statuses found
Searching statuses for user:  DavidPenington
No Statuses found
Searching statuses for user:  davej
No Statuses found
Searching statuses for user:  kcarruthers
No Statuses found
Searching statuses for user:  leadegroot
No Statuses found
Searching statuses for user:  forschungstorte
No Statuses found
Searching statuses for user:  ImmedicableME
No Statuses found
Searching statuses for user:  paprikapink
No Statuses found
Searching statuses for user:  oboistaalli
No Statuses found
Searching statuses for user:  straemer
No Statuses found
Searching statuses for user:  baruch
No Statuses found
Searching statuses for user:  peribotsarah
No Statuses found
Searching statuses for user:  thyanel
No Statuses found
Searching statuses for user:  _9CL7T9k8cjnD_
No Statuses found
Searching statuses for user:  Meadhbh
No Statuses found
Searching statuses for user:  snowmanghost
No Statuses found
Searching statuses for user:  paninid
No Statuses found
Searching statuses for user:  Lazarou
No Statuses found
Searching statuses for user:  luggage
No Statuses found
Searching statuses for user:  jna
No Statuses found
Searching statuses for user:  veirling
No Statuses found
Searching statuses for user:  BatsInLavender
No Statuses found
Searching statuses for user:  Christo
No Statuses found
Searching statuses for user:  Edelruth
No Statuses found
Searching statuses for user:  AliceMarshall
No Statuses found
Searching statuses for user:  eilonwy
No Statuses found
Searching statuses for user:  MPgh
No Statuses found
Searching statuses for user:  cmooreart
No Statuses found
Searching statuses for user:  earthlingusa
No Statuses found
Searching statuses for user:  oldredsubby
No Statuses found
Searching statuses for user:  LK_Sass
No Statuses found
Searching statuses for user:  no1lion99
No Statuses found
Searching statuses for user:  redcrew
No Statuses found
Searching statuses for user:  JLW
No Statuses found
Searching statuses for user:  grumpybozo
No Statuses found
Searching statuses for user:  Anneheathen
No Statuses found
Searching statuses for user:  lynxcat
No Statuses found
Searching statuses for user:  isotope239
No Statuses found
Searching statuses for user:  Hoos
No Statuses found
Searching statuses for user:  YourNeighbor57
No Statuses found
Searching statuses for user:  Lazarou
No Statuses found
Searching statuses for user:  KimPerales
No Statuses found
Searching statuses for user:  AliceMarshall
No Statuses found
Searching statuses for user:  JoeChip
No Statuses found
Searching statuses for user:  medley56
No Statuses found
Searching statuses for user:  David_Epithet
No Statuses found
Searching statuses for user:  jstatepost
No Statuses found
Searching statuses for user:  Gigi
No Statuses found
Searching statuses for user:  joshbuchea
No Statuses found
Searching statuses for user:  sabrinacostell3
No Statuses found
Searching statuses for user:  wjd
No Statuses found
Searching statuses for user:  heydavidbailey
No Statuses found
Searching statuses for user:  BernieDoesIt
No Statuses found
Searching statuses for user:  Mama_H
No Statuses found
Searching statuses for user:  mlippert
No Statuses found
Searching statuses for user:  sshann
No Statuses found
Searching statuses for user:  Jorsh
No Statuses found
Searching statuses for user:  winstonm
No Statuses found
Searching statuses for user:  GhostOnTheHalfShell
No Statuses found
Searching statuses for user:  chris_spackman
No Statuses found
Searching statuses for user:  Nonog
No Statuses found
Searching statuses for user:  Christo
No Statuses found
Searching statuses for user:  JudyOlo
No Statuses found
Searching statuses for user:  Compassionatecrab
No Statuses found
Searching statuses for user:  ArunGanti
No Statuses found
Searching statuses for user:  m750
No Statuses found
Searching statuses for user:  Librarianbikes
No Statuses found
Searching statuses for user:  vees
No Statuses found
Searching statuses for user:  nimbus5000
No Statuses found
Searching statuses for user:  antoniopicornell
No Statuses found
Searching statuses for user:  Leeisme
No Statuses found
Searching statuses for user:  rberger
No Statuses found
Searching statuses for user:  eilonwy
No Statuses found
Searching statuses for user:  alpinejoe
No Statuses found
Searching statuses for user:  ashawannaplay
No Statuses found
Searching statuses for user:  cymbaljack
No Statuses found
Searching statuses for user:  misfitkotld
No Statuses found
Searching statuses for user:  BeefGriller
No Statuses found
Searching statuses for user:  BernieDoesIt
No Statuses found
Searching statuses for user:  shekinahcancook
No Statuses found
Searching statuses for user:  Kozmo
No Statuses found
Searching statuses for user:  Jimijamflimflam
No Statuses found
Searching statuses for user:  naodell
No Statuses found
Searching statuses for user:  trisphew
No Statuses found
Searching statuses for user:  ThymeFlies
No Statuses found
Searching statuses for user:  FiveSeventeen
No Statuses found
Searching statuses for user:  blogdiva
No Statuses found
Searching statuses for user:  woozle
No Statuses found
Searching statuses for user:  Wabbit
No Statuses found
Searching statuses for user:  danwentzel
No Statuses found
Searching statuses for user:  deraven
No Statuses found
Searching statuses for user:  knapjack
No Statuses found
Searching statuses for user:  gorfram
No Statuses found
Searching statuses for user:  alexanderhay
No Statuses found
Searching statuses for user:  guiltmanager
No Statuses found
Searching statuses for user:  JGRW
No Statuses found
Searching statuses for user:  mmynatt
No Statuses found
Searching statuses for user:  ericg
No Statuses found
Searching statuses for user:  minnfinn
No Statuses found
Searching statuses for user:  wiebepaul
No Statuses found
Searching statuses for user:  aris_tgd
No Statuses found
Searching statuses for user:  dameoutlaw
No Statuses found
Searching statuses for user:  lobstered
No Statuses found
Searching statuses for user:  Wolleysegap
No Statuses found
Searching statuses for user:  damon
No Statuses found
Searching statuses for user:  thewordsaremaps
No Statuses found
Searching statuses for user:  swhunter7
No Statuses found
Searching statuses for user:  cynblogger
No Statuses found
Searching statuses for user:  smooz
No Statuses found
Searching statuses for user:  Light_Angel_12
No Statuses found
Searching statuses for user:  laurocerasus
No Statuses found
Searching statuses for user:  themaskerscomic
No Statuses found
Searching statuses for user:  bestofmastodon
No Statuses found
Searching statuses for user:  SeyMotor
No Statuses found
Searching statuses for user:  flavia_feijo_epi
No Statuses found
Searching statuses for user:  HomerHarlequin
No Statuses found
Searching statuses for user:  nazokiyoubinbou
No Statuses found
Searching statuses for user:  janetlogan
No Statuses found
Searching statuses for user:  maggiemaybe
No Statuses found
Searching statuses for user:  Dynamicallydisabled
No Statuses found
Searching statuses for user:  jhall251
No Statuses found
Searching statuses for user:  VulpineAmethyst
No Statuses found
Searching statuses for user:  SuperTwaddle
No Statuses found
Searching statuses for user:  veirling
No Statuses found
Searching statuses for user:  BadWoof
No Statuses found
Searching statuses for user:  MorriganResists
No Statuses found
Searching statuses for user:  fernnfaun
No Statuses found
Searching statuses for user:  Mamafalda
No Statuses found
Searching statuses for user:  craigpc
No Statuses found
Searching statuses for user:  inquiline
No Statuses found
Searching statuses for user:  roknrol
No Statuses found
Searching statuses for user:  ImmedicableME
No Statuses found
Searching statuses for user:  paprikapink
No Statuses found
Searching statuses for user:  tag-virginia
No Statuses found
Searching statuses for user:  Prototype9215
No Statuses found
Searching statuses for user:  oldgeek
No Statuses found
Searching statuses for user:  AliceMarshall
No Statuses found
Searching statuses for user:  rainbowdragon
No Statuses found
Searching statuses for user:  lydiaschoch
No Statuses found
Searching statuses for user:  cwicseolfor
No Statuses found
Searching statuses for user:  AliceMarshall
No Statuses found
Searching statuses for user:  fkaOctaviaKeats
No Statuses found
Searching statuses for user:  SallyStrange
No Statuses found
Searching statuses for user:  eowyn
No Statuses found
Searching statuses for user:  artcollisions
No Statuses found
Searching statuses for user:  ecologist
No Statuses found
Searching statuses for user:  RamenCatholic
No Statuses found
Searching statuses for user:  smooz
No Statuses found
Searching statuses for user:  maggiemaybe
No Statuses found
Searching statuses for user:  beatricejess
No Statuses found
Searching statuses for user:  Momgoth
No Statuses found
Searching statuses for user:  ReneeWestberry
No Statuses found
Searching statuses for user:  ricmadeira
No Statuses found
Searching statuses for user:  bobjmsn
No Statuses found
Searching statuses for user:  iBlame
No Statuses found
Searching statuses for user:  GreenSkyOverMe
No Statuses found
Searching statuses for user:  indigo8s
No Statuses found
Searching statuses for user:  Sharksonaplane
No Statuses found
Searching statuses for user:  aral
No Statuses found
Searching statuses for user:  blogdiva
No Statuses found
Searching statuses for user:  lurkingintheplants
No Statuses found
Searching statuses for user:  teajaygrey
No Statuses found
Searching statuses for user:  realn2s
No Statuses found
Searching statuses for user:  thorncoyle
No Statuses found
Searching statuses for user:  thunderfist
No Statuses found
Searching statuses for user:  bhaugen
No Statuses found
Searching statuses for user:  AliceMarshall
No Statuses found
Searching statuses for user:  TashaKostolany
No Statuses found
Searching statuses for user:  salliebecker
No Statuses found
Searching statuses for user:  freejust
No Statuses found
Searching statuses for user:  luggage
No Statuses found
Searching statuses for user:  jna
No Statuses found
Searching statuses for user:  veirling
No Statuses found
Searching statuses for user:  BatsInLavender
No Statuses found
Searching statuses for user:  Christo
No Statuses found
Searching statuses for user:  Edelruth
No Statuses found
Searching statuses for user:  AliceMarshall
No Statuses found
Searching statuses for user:  eilonwy
No Statuses found
Searching statuses for user:  MPgh
No Statuses found
Searching statuses for user:  cmooreart
No Statuses found
Searching statuses for user:  earthlingusa
No Statuses found
Searching statuses for user:  oldredsubby
No Statuses found
Searching statuses for user:  LK_Sass
No Statuses found
Searching statuses for user:  no1lion99
No Statuses found
Searching statuses for user:  redcrew
No Statuses found
Searching statuses for user:  JLW
No Statuses found
Searching statuses for user:  grumpybozo
No Statuses found
Searching statuses for user:  Anneheathen
No Statuses found
Searching statuses for user:  lynxcat
No Statuses found
Searching statuses for user:  isotope239
No Statuses found
Searching statuses for user:  Hoos
No Statuses found
Searching statuses for user:  YourNeighbor57
No Statuses found
Searching statuses for user:  Lazarou
No Statuses found
Searching statuses for user:  Yoshi
No Statuses found
Searching statuses for user:  tadbithuman
No Statuses found
Searching statuses for user:  gwaldby
No Statuses found
Searching statuses for user:  AliceMarshall
No Statuses found
Searching statuses for user:  JoeChip
No Statuses found
Searching statuses for user:  autogestion
No Statuses found
Searching statuses for user:  BernieDoesIt
No Statuses found
Searching statuses for user:  psychoatberea
No Statuses found
Searching statuses for user:  ericg
No Statuses found
Searching statuses for user:  gdinwiddie
No Statuses found
Searching statuses for user:  null_hypothesis
No Statuses found
Searching statuses for user:  bmacDonald94
No Statuses found
Searching statuses for user:  JAWG
No Statuses found
Searching statuses for user:  seachanger
No Statuses found
Searching statuses for user:  woodrat
No Statuses found
Searching statuses for user:  greenbone
No Statuses found
Searching statuses for user:  ryanvgates
No Statuses found
Searching statuses for user:  Afhessey
No Statuses found
Searching statuses for user:  slightwraith
No Statuses found
Searching statuses for user:  Brett_E_Carlock
No Statuses found
Searching statuses for user:  bmacDonald94
No Statuses found
Searching statuses for user:  dorzig
No Statuses found
Searching statuses for user:  diazona
No Statuses found
Searching statuses for user:  Tireironmonkey
No Statuses found
Searching statuses for user:  Thortallmon
No Statuses found
Searching statuses for user:  DavidNielsen
No Statuses found
Searching statuses for user:  jordanhirsch
No Statuses found
Searching statuses for user:  Leisureguy
No Statuses found
Searching statuses for user:  holupwat
No Statuses found
Searching statuses for user:  ke7zum
No Statuses found
Searching statuses for user:  sherrig312
No Statuses found
Searching statuses for user:  Malek34
No Statuses found
Searching statuses for user:  morganeogerbc
No Statuses found
Searching statuses for user:  Macstodon
No Statuses found
Searching statuses for user:  linuxgnome
No Statuses found
Searching statuses for user:  cbdelta
No Statuses found
Searching statuses for user:  Elliott_Garbs1995
Statused Found
Searching statuses for user:  XraySonoCol
No Statuses found
Searching statuses for user:  Scofisticated
No Statuses found
Searching statuses for user:  big_louse
No Statuses found
Searching statuses for user:  therfornevermor
No Statuses found
Searching statuses for user:  carmwilson
No Statuses found
Searching statuses for user:  EricLawton
No Statuses found
Searching statuses for user:  SusannaShakespeare
No Statuses found
Searching statuses for user:  maiamaia
No Statuses found
Searching statuses for user:  simon_brooke
No Statuses found
Searching statuses for user:  linuxgnome
No Statuses found
Searching statuses for user:  HackettTom
No Statuses found
Searching statuses for user:  robcorp55
No Statuses found
Searching statuses for user:  JoCzechowska
No Statuses found
Searching statuses for user:  DoubleTreble
No Statuses found
Searching statuses for user:  ACAElliott
No Statuses found
Searching statuses for user:  Backtalk9667
No Statuses found
Searching statuses for user:  porhtnasim
No Statuses found
Searching statuses for user:  moredread
No Statuses found
Searching statuses for user:  AlexKarabanow
No Statuses found
Searching statuses for user:  miki_lou
No Statuses found
Searching statuses for user:  SheamusPatt
No Statuses found
Searching statuses for user:  cdnpoli
No Statuses found
Searching statuses for user:  unionmaidns
No Statuses found
Searching statuses for user:  Bruceg
No Statuses found
Searching statuses for user:  NBdatapoints
No Statuses found
Searching statuses for user:  demerara
No Statuses found
Searching statuses for user:  ghutch
No Statuses found
Searching statuses for user:  PatriciaLewis
No Statuses found
Searching statuses for user:  jbrackin01
No Statuses found
Searching statuses for user:  hfinyow
No Statuses found
Searching statuses for user:  JustinDerrick
No Statuses found
Searching statuses for user:  lunar
No Statuses found
Searching statuses for user:  isobeltuliptree
No Statuses found
Searching statuses for user:  Kim_k19
No Statuses found
Searching statuses for user:  BaldEagleGram
No Statuses found
Searching statuses for user:  luvadergolder
No Statuses found
Searching statuses for user:  DeborahForPlus
No Statuses found
Searching statuses for user:  troy_frizzell
No Statuses found
Searching statuses for user:  Pinchy63
No Statuses found
Searching statuses for user:  Tunaloo
No Statuses found
Searching statuses for user:  NeilFederspiel
No Statuses found
Searching statuses for user:  quiddityks
No Statuses found
Searching statuses for user:  TheGentYYC
No Statuses found
Searching statuses for user:  tadbithuman
No Statuses found
Searching statuses for user:  luv_wins
No Statuses found
Searching statuses for user:  TanAn
No Statuses found
Searching statuses for user:  peterdeppisch
No Statuses found
Searching statuses for user:  onpoli
No Statuses found
Searching statuses for user:  ontariogreens
No Statuses found
Searching statuses for user:  anathema_device
No Statuses found
Searching statuses for user:  gwendolenau
No Statuses found
Searching statuses for user:  DavidPenington
No Statuses found
Searching statuses for user:  davej
No Statuses found
Searching statuses for user:  kcarruthers
No Statuses found
Searching statuses for user:  leadegroot
No Statuses found
Searching statuses for user:  forschungstorte
No Statuses found
Searching statuses for user:  ImmedicableME
No Statuses found
Searching statuses for user:  paprikapink
No Statuses found
Searching statuses for user:  oboistaalli
No Statuses found
Searching statuses for user:  straemer
No Statuses found
Searching statuses for user:  baruch
No Statuses found
Searching statuses for user:  peribotsarah
No Statuses found
Searching statuses for user:  thyanel
No Statuses found
Searching statuses for user:  _9CL7T9k8cjnD_
No Statuses found
Searching statuses for user:  Meadhbh
No Statuses found
Searching statuses for user:  snowmanghost
No Statuses found
Searching statuses for user:  paninid
No Statuses found
Searching statuses for user:  Lazarou
No Statuses found
Searching statuses for user:  luggage
No Statuses found
Searching statuses for user:  jna
No Statuses found
Searching statuses for user:  veirling
No Statuses found
Searching statuses for user:  BatsInLavender
No Statuses found
Searching statuses for user:  Christo
No Statuses found
Searching statuses for user:  Edelruth
No Statuses found
Searching statuses for user:  AliceMarshall
No Statuses found
Searching statuses for user:  eilonwy
No Statuses found
Searching statuses for user:  MPgh
No Statuses found
Searching statuses for user:  cmooreart
No Statuses found
Searching statuses for user:  earthlingusa
No Statuses found
Searching statuses for user:  oldredsubby
No Statuses found
Searching statuses for user:  LK_Sass
No Statuses found
Searching statuses for user:  no1lion99
No Statuses found
Searching statuses for user:  redcrew
No Statuses found
Searching statuses for user:  JLW
No Statuses found
Searching statuses for user:  grumpybozo
No Statuses found
Searching statuses for user:  Anneheathen
No Statuses found
Searching statuses for user:  lynxcat
No Statuses found
Searching statuses for user:  isotope239
No Statuses found
Searching statuses for user:  Hoos
No Statuses found
Searching statuses for user:  YourNeighbor57
No Statuses found
Searching statuses for user:  Lazarou
No Statuses found
Searching statuses for user:  KimPerales
No Statuses found
Searching statuses for user:  AliceMarshall
No Statuses found
Searching statuses for user:  JoeChip
No Statuses found
Searching statuses for user:  medley56
No Statuses found
Searching statuses for user:  David_Epithet
No Statuses found
Searching statuses for user:  jstatepost
No Statuses found
Searching statuses for user:  Gigi
No Statuses found
Searching statuses for user:  joshbuchea
No Statuses found
Searching statuses for user:  sabrinacostell3
No Statuses found
Searching statuses for user:  wjd
No Statuses found
Searching statuses for user:  heydavidbailey
No Statuses found
Searching statuses for user:  BernieDoesIt
No Statuses found
Searching statuses for user:  Mama_H
No Statuses found
Searching statuses for user:  mlippert
No Statuses found
Searching statuses for user:  sshann
No Statuses found
Searching statuses for user:  Jorsh
No Statuses found
Searching statuses for user:  winstonm
No Statuses found
Searching statuses for user:  GhostOnTheHalfShell
No Statuses found
Searching statuses for user:  chris_spackman
No Statuses found
Searching statuses for user:  Nonog
No Statuses found
Searching statuses for user:  Christo
No Statuses found
Searching statuses for user:  JudyOlo
No Statuses found
Searching statuses for user:  Compassionatecrab
No Statuses found
Searching statuses for user:  ArunGanti
No Statuses found
Searching statuses for user:  m750
No Statuses found
Searching statuses for user:  Librarianbikes
No Statuses found
Searching statuses for user:  vees
No Statuses found
Searching statuses for user:  nimbus5000
No Statuses found
Searching statuses for user:  antoniopicornell
No Statuses found
Searching statuses for user:  Leeisme
No Statuses found
Searching statuses for user:  rberger
No Statuses found
Searching statuses for user:  eilonwy
No Statuses found
Searching statuses for user:  alpinejoe
No Statuses found
Searching statuses for user:  ashawannaplay
No Statuses found
Searching statuses for user:  cymbaljack
No Statuses found
Searching statuses for user:  misfitkotld
No Statuses found
Searching statuses for user:  BeefGriller
No Statuses found
Searching statuses for user:  BernieDoesIt
No Statuses found
Searching statuses for user:  shekinahcancook
No Statuses found
Searching statuses for user:  Kozmo
No Statuses found
Searching statuses for user:  Jimijamflimflam
No Statuses found
Searching statuses for user:  naodell
No Statuses found
Searching statuses for user:  trisphew
No Statuses found
Searching statuses for user:  ThymeFlies
No Statuses found
Searching statuses for user:  FiveSeventeen
No Statuses found
Searching statuses for user:  blogdiva
No Statuses found
Searching statuses for user:  woozle
No Statuses found
Searching statuses for user:  Wabbit
No Statuses found
Searching statuses for user:  danwentzel
No Statuses found
Searching statuses for user:  deraven
No Statuses found
Searching statuses for user:  knapjack
No Statuses found
Searching statuses for user:  gorfram
No Statuses found
Searching statuses for user:  alexanderhay
No Statuses found
Searching statuses for user:  guiltmanager
No Statuses found
Searching statuses for user:  JGRW
No Statuses found
Searching statuses for user:  mmynatt
No Statuses found
Searching statuses for user:  ericg
No Statuses found
Searching statuses for user:  minnfinn
No Statuses found
Searching statuses for user:  wiebepaul
No Statuses found
Searching statuses for user:  aris_tgd
No Statuses found
Searching statuses for user:  dameoutlaw
No Statuses found
Searching statuses for user:  lobstered
No Statuses found
Searching statuses for user:  Wolleysegap
No Statuses found
Searching statuses for user:  damon
No Statuses found
Searching statuses for user:  thewordsaremaps
No Statuses found
Searching statuses for user:  swhunter7
No Statuses found
Searching statuses for user:  cynblogger
No Statuses found
Searching statuses for user:  smooz
No Statuses found
Searching statuses for user:  Light_Angel_12
No Statuses found
Searching statuses for user:  laurocerasus
No Statuses found
Searching statuses for user:  themaskerscomic
No Statuses found
Searching statuses for user:  bestofmastodon
No Statuses found
Searching statuses for user:  SeyMotor
No Statuses found
Searching statuses for user:  flavia_feijo_epi
No Statuses found
Searching statuses for user:  HomerHarlequin
No Statuses found
Searching statuses for user:  nazokiyoubinbou
No Statuses found
Searching statuses for user:  janetlogan
No Statuses found
Searching statuses for user:  maggiemaybe
No Statuses found
Searching statuses for user:  Dynamicallydisabled
No Statuses found
Searching statuses for user:  jhall251
No Statuses found
Searching statuses for user:  VulpineAmethyst
No Statuses found
Searching statuses for user:  SuperTwaddle
No Statuses found
Searching statuses for user:  veirling
No Statuses found
Searching statuses for user:  BadWoof
No Statuses found
Searching statuses for user:  MorriganResists
No Statuses found
Searching statuses for user:  fernnfaun
No Statuses found
Searching statuses for user:  Mamafalda
No Statuses found
Searching statuses for user:  craigpc
No Statuses found
Searching statuses for user:  inquiline
No Statuses found
Searching statuses for user:  roknrol
No Statuses found
Searching statuses for user:  ImmedicableME
No Statuses found
Searching statuses for user:  paprikapink
No Statuses found
Searching statuses for user:  tag-virginia
No Statuses found
Searching statuses for user:  Prototype9215
No Statuses found
Searching statuses for user:  oldgeek
No Statuses found
Searching statuses for user:  AliceMarshall
No Statuses found
Searching statuses for user:  rainbowdragon
No Statuses found
Searching statuses for user:  lydiaschoch
No Statuses found
Searching statuses for user:  cwicseolfor
No Statuses found
Searching statuses for user:  AliceMarshall
No Statuses found
Searching statuses for user:  fkaOctaviaKeats
No Statuses found
Searching statuses for user:  SallyStrange
No Statuses found
Searching statuses for user:  eowyn
No Statuses found
Searching statuses for user:  artcollisions
No Statuses found
Searching statuses for user:  ecologist
No Statuses found
Searching statuses for user:  RamenCatholic
No Statuses found
Searching statuses for user:  smooz
No Statuses found
Searching statuses for user:  maggiemaybe
No Statuses found
Searching statuses for user:  beatricejess
No Statuses found
Searching statuses for user:  Momgoth
No Statuses found
Searching statuses for user:  ReneeWestberry
No Statuses found
Searching statuses for user:  ricmadeira
No Statuses found
Searching statuses for user:  bobjmsn
Statused Found
Searching statuses for user:  iBlame
No Statuses found
Searching statuses for user:  GreenSkyOverMe
No Statuses found
Searching statuses for user:  indigo8s
No Statuses found
Searching statuses for user:  Sharksonaplane
No Statuses found
Searching statuses for user:  aral
No Statuses found
Searching statuses for user:  blogdiva
No Statuses found
Searching statuses for user:  lurkingintheplants
No Statuses found
Searching statuses for user:  teajaygrey
No Statuses found
Searching statuses for user:  realn2s
No Statuses found
Searching statuses for user:  thorncoyle
No Statuses found
Searching statuses for user:  thunderfist
No Statuses found
Searching statuses for user:  bhaugen
No Statuses found
Searching statuses for user:  AliceMarshall
No Statuses found
Searching statuses for user:  TashaKostolany
No Statuses found
Searching statuses for user:  salliebecker
No Statuses found
Searching statuses for user:  freejust
No Statuses found
Searching statuses for user:  luggage
No Statuses found
Searching statuses for user:  jna
No Statuses found
Searching statuses for user:  veirling
No Statuses found
Searching statuses for user:  BatsInLavender
No Statuses found
Searching statuses for user:  Christo
No Statuses found
Searching statuses for user:  Edelruth
No Statuses found
Searching statuses for user:  AliceMarshall
No Statuses found
Searching statuses for user:  eilonwy
No Statuses found
Searching statuses for user:  MPgh
No Statuses found
Searching statuses for user:  cmooreart
No Statuses found
Searching statuses for user:  earthlingusa
No Statuses found
Searching statuses for user:  oldredsubby
No Statuses found
Searching statuses for user:  LK_Sass
No Statuses found
Searching statuses for user:  no1lion99
No Statuses found
Searching statuses for user:  redcrew
No Statuses found
Searching statuses for user:  JLW
No Statuses found
Searching statuses for user:  grumpybozo
No Statuses found
Searching statuses for user:  Anneheathen
No Statuses found
Searching statuses for user:  lynxcat
No Statuses found
Searching statuses for user:  isotope239
No Statuses found
Searching statuses for user:  Hoos
No Statuses found
Searching statuses for user:  YourNeighbor57
No Statuses found
Searching statuses for user:  Lazarou
No Statuses found
Searching statuses for user:  Yoshi
No Statuses found
Searching statuses for user:  tadbithuman
No Statuses found
Searching statuses for user:  gwaldby
No Statuses found
Searching statuses for user:  AliceMarshall
No Statuses found
Searching statuses for user:  JoeChip
No Statuses found
Searching statuses for user:  autogestion
No Statuses found
Searching statuses for user:  BernieDoesIt
No Statuses found
Searching statuses for user:  psychoatberea
No Statuses found
Searching statuses for user:  ericg
No Statuses found
Searching statuses for user:  gdinwiddie
No Statuses found
Searching statuses for user:  null_hypothesis
No Statuses found
Searching statuses for user:  bmacDonald94
No Statuses found
Searching statuses for user:  JAWG
No Statuses found
Searching statuses for user:  seachanger
No Statuses found
Searching statuses for user:  woodrat
No Statuses found
Searching statuses for user:  greenbone
No Statuses found
Searching statuses for user:  ryanvgates
No Statuses found
Searching statuses for user:  Afhessey
No Statuses found
Searching statuses for user:  slightwraith
No Statuses found
Searching statuses for user:  Brett_E_Carlock
No Statuses found
Searching statuses for user:  bmacDonald94
No Statuses found
Searching statuses for user:  dorzig
No Statuses found
Searching statuses for user:  diazona
No Statuses found
Searching statuses for user:  Tireironmonkey
No Statuses found
Searching statuses for user:  Thortallmon
No Statuses found
Searching statuses for user:  DavidNielsen
No Statuses found
Searching statuses for user:  jordanhirsch
No Statuses found
Searching statuses for user:  Leisureguy
No Statuses found
Searching statuses for user:  holupwat
No Statuses found
Searching statuses for user:  ke7zum
No Statuses found
Searching statuses for user:  sherrig312
No Statuses found
Searching statuses for user:  Malek34
No Statuses found
Searching statuses for user:  morganeogerbc
No Statuses found
Searching statuses for user:  Macstodon
No Statuses found
Searching statuses for user:  linuxgnome
No Statuses found
Searching statuses for user:  cbdelta
No Statuses found
Searching statuses for user:  Elliott_Garbs1995
No Statuses found
Searching statuses for user:  XraySonoCol
No Statuses found
Searching statuses for user:  Scofisticated
No Statuses found
Searching statuses for user:  big_louse
No Statuses found
Searching statuses for user:  therfornevermor
No Statuses found
Searching statuses for user:  carmwilson
No Statuses found
Searching statuses for user:  EricLawton
No Statuses found
Searching statuses for user:  SusannaShakespeare
No Statuses found
Searching statuses for user:  maiamaia
No Statuses found
Searching statuses for user:  simon_brooke
No Statuses found
Searching statuses for user:  linuxgnome
No Statuses found
Searching statuses for user:  HackettTom
No Statuses found
Searching statuses for user:  robcorp55
No Statuses found
Searching statuses for user:  JoCzechowska
No Statuses found
Searching statuses for user:  DoubleTreble
No Statuses found
Searching statuses for user:  ACAElliott
No Statuses found
Searching statuses for user:  Backtalk9667
No Statuses found
Searching statuses for user:  porhtnasim
No Statuses found
Searching statuses for user:  moredread
No Statuses found
Searching statuses for user:  AlexKarabanow
No Statuses found
Searching statuses for user:  miki_lou
No Statuses found
Searching statuses for user:  SheamusPatt
No Statuses found
Searching statuses for user:  cdnpoli
No Statuses found
Searching statuses for user:  unionmaidns
No Statuses found
Searching statuses for user:  Bruceg
No Statuses found
Searching statuses for user:  NBdatapoints
No Statuses found
Searching statuses for user:  demerara
No Statuses found
Searching statuses for user:  ghutch
No Statuses found
Searching statuses for user:  PatriciaLewis
No Statuses found
Searching statuses for user:  jbrackin01
No Statuses found
Searching statuses for user:  hfinyow
No Statuses found
Searching statuses for user:  JustinDerrick
No Statuses found
Searching statuses for user:  lunar
No Statuses found
Searching statuses for user:  isobeltuliptree
No Statuses found
Searching statuses for user:  Kim_k19
No Statuses found
Searching statuses for user:  BaldEagleGram
No Statuses found
Searching statuses for user:  luvadergolder
No Statuses found
Searching statuses for user:  DeborahForPlus
No Statuses found
Searching statuses for user:  troy_frizzell
No Statuses found
Searching statuses for user:  Pinchy63
No Statuses found
Searching statuses for user:  Tunaloo
No Statuses found
Searching statuses for user:  NeilFederspiel
No Statuses found
Searching statuses for user:  quiddityks
No Statuses found
Searching statuses for user:  TheGentYYC
No Statuses found
Searching statuses for user:  tadbithuman
No Statuses found
Searching statuses for user:  luv_wins
No Statuses found
Searching statuses for user:  TanAn
No Statuses found
Searching statuses for user:  peterdeppisch
No Statuses found
Searching statuses for user:  onpoli
No Statuses found
Searching statuses for user:  ontariogreens
No Statuses found
Searching statuses for user:  anathema_device
No Statuses found
Searching statuses for user:  gwendolenau
No Statuses found
Searching statuses for user:  DavidPenington
No Statuses found
Searching statuses for user:  davej
No Statuses found
Searching statuses for user:  kcarruthers
No Statuses found
Searching statuses for user:  leadegroot
No Statuses found
Searching statuses for user:  forschungstorte
No Statuses found
Searching statuses for user:  ImmedicableME
No Statuses found
Searching statuses for user:  paprikapink
No Statuses found
Searching statuses for user:  oboistaalli
No Statuses found
Searching statuses for user:  straemer
No Statuses found
Searching statuses for user:  baruch
No Statuses found
Searching statuses for user:  peribotsarah
No Statuses found
Searching statuses for user:  thyanel
No Statuses found
Searching statuses for user:  _9CL7T9k8cjnD_
No Statuses found
Searching statuses for user:  Meadhbh
No Statuses found
Searching statuses for user:  snowmanghost
No Statuses found
Searching statuses for user:  paninid
No Statuses found
Searching statuses for user:  Lazarou
No Statuses found
Searching statuses for user:  luggage
No Statuses found
Searching statuses for user:  jna
No Statuses found
Searching statuses for user:  veirling
No Statuses found
Searching statuses for user:  BatsInLavender
No Statuses found
Searching statuses for user:  Christo
No Statuses found
Searching statuses for user:  Edelruth
No Statuses found
Searching statuses for user:  AliceMarshall
Statused Found
Searching statuses for user:  eilonwy
No Statuses found
Searching statuses for user:  MPgh
No Statuses found
Searching statuses for user:  cmooreart
No Statuses found
Searching statuses for user:  earthlingusa
No Statuses found
Searching statuses for user:  oldredsubby
No Statuses found
Searching statuses for user:  LK_Sass
No Statuses found
Searching statuses for user:  no1lion99
No Statuses found
Searching statuses for user:  redcrew
No Statuses found
Searching statuses for user:  JLW
No Statuses found
Searching statuses for user:  grumpybozo
No Statuses found
Searching statuses for user:  Anneheathen
No Statuses found
Searching statuses for user:  lynxcat
No Statuses found
Searching statuses for user:  isotope239
No Statuses found
Searching statuses for user:  Hoos
No Statuses found
Searching statuses for user:  YourNeighbor57
No Statuses found
Searching statuses for user:  Lazarou
No Statuses found
Searching statuses for user:  KimPerales
No Statuses found
Searching statuses for user:  AliceMarshall
Statused Found
Searching statuses for user:  JoeChip
Statused Found
Searching statuses for user:  medley56
No Statuses found
Searching statuses for user:  David_Epithet
No Statuses found
Searching statuses for user:  jstatepost
No Statuses found
Searching statuses for user:  Gigi
No Statuses found
Searching statuses for user:  joshbuchea
No Statuses found
Searching statuses for user:  sabrinacostell3
No Statuses found
Searching statuses for user:  wjd
No Statuses found
Searching statuses for user:  heydavidbailey
No Statuses found
Searching statuses for user:  BernieDoesIt
No Statuses found
Searching statuses for user:  Mama_H
No Statuses found
Searching statuses for user:  mlippert
No Statuses found
Searching statuses for user:  sshann
No Statuses found
Searching statuses for user:  Jorsh
No Statuses found
Searching statuses for user:  winstonm
No Statuses found
Searching statuses for user:  GhostOnTheHalfShell
No Statuses found
Searching statuses for user:  chris_spackman
No Statuses found
Searching statuses for user:  Nonog
No Statuses found
Searching statuses for user:  Christo
No Statuses found
Searching statuses for user:  JudyOlo
No Statuses found
Searching statuses for user:  Compassionatecrab
No Statuses found
Searching statuses for user:  ArunGanti
No Statuses found
Searching statuses for user:  m750
No Statuses found
Searching statuses for user:  Librarianbikes
No Statuses found
Searching statuses for user:  vees
No Statuses found
Searching statuses for user:  nimbus5000
No Statuses found
Searching statuses for user:  antoniopicornell
No Statuses found
Searching statuses for user:  Leeisme
No Statuses found
Searching statuses for user:  rberger
No Statuses found
Searching statuses for user:  eilonwy
No Statuses found
Searching statuses for user:  alpinejoe
No Statuses found
Searching statuses for user:  ashawannaplay
No Statuses found
Searching statuses for user:  cymbaljack
No Statuses found
Searching statuses for user:  misfitkotld
No Statuses found
Searching statuses for user:  BeefGriller
No Statuses found
Searching statuses for user:  BernieDoesIt
No Statuses found
Searching statuses for user:  shekinahcancook
No Statuses found
Searching statuses for user:  Kozmo
No Statuses found
Searching statuses for user:  Jimijamflimflam
No Statuses found
Searching statuses for user:  naodell
No Statuses found
Searching statuses for user:  trisphew
No Statuses found
Searching statuses for user:  ThymeFlies
No Statuses found
Searching statuses for user:  FiveSeventeen
No Statuses found
Searching statuses for user:  blogdiva
Statused Found
Searching statuses for user:  woozle
No Statuses found
Searching statuses for user:  Wabbit
No Statuses found
Searching statuses for user:  danwentzel
Statused Found
Searching statuses for user:  deraven
No Statuses found
Searching statuses for user:  knapjack
No Statuses found
Searching statuses for user:  gorfram
No Statuses found
Searching statuses for user:  alexanderhay
No Statuses found
Searching statuses for user:  guiltmanager
No Statuses found
Searching statuses for user:  JGRW
No Statuses found
Searching statuses for user:  mmynatt
No Statuses found
Searching statuses for user:  ericg
No Statuses found
Searching statuses for user:  minnfinn
No Statuses found
Searching statuses for user:  wiebepaul
No Statuses found
Searching statuses for user:  aris_tgd
No Statuses found
Searching statuses for user:  dameoutlaw
No Statuses found
Searching statuses for user:  lobstered
No Statuses found
Searching statuses for user:  Wolleysegap
No Statuses found
Searching statuses for user:  damon
No Statuses found
Searching statuses for user:  thewordsaremaps
No Statuses found
Searching statuses for user:  swhunter7
No Statuses found
Searching statuses for user:  cynblogger
No Statuses found
Searching statuses for user:  smooz
No Statuses found
Searching statuses for user:  Light_Angel_12
No Statuses found
Searching statuses for user:  laurocerasus
No Statuses found
Searching statuses for user:  themaskerscomic
No Statuses found
Searching statuses for user:  bestofmastodon
No Statuses found
Searching statuses for user:  SeyMotor
No Statuses found
Searching statuses for user:  flavia_feijo_epi
No Statuses found
Searching statuses for user:  HomerHarlequin
No Statuses found
Searching statuses for user:  nazokiyoubinbou
No Statuses found
Searching statuses for user:  janetlogan
No Statuses found
Searching statuses for user:  maggiemaybe
No Statuses found
Searching statuses for user:  Dynamicallydisabled
No Statuses found
Searching statuses for user:  jhall251
No Statuses found
Searching statuses for user:  VulpineAmethyst
No Statuses found
Searching statuses for user:  SuperTwaddle
No Statuses found
Searching statuses for user:  veirling
No Statuses found
Searching statuses for user:  BadWoof
No Statuses found
Searching statuses for user:  MorriganResists
No Statuses found
Searching statuses for user:  fernnfaun
No Statuses found
Searching statuses for user:  Mamafalda
No Statuses found
Searching statuses for user:  craigpc
No Statuses found
Searching statuses for user:  inquiline
No Statuses found
Searching statuses for user:  roknrol
No Statuses found
Searching statuses for user:  ImmedicableME
No Statuses found
Searching statuses for user:  paprikapink
No Statuses found
Searching statuses for user:  tag-virginia
No Statuses found
Searching statuses for user:  Prototype9215
No Statuses found
Searching statuses for user:  oldgeek
No Statuses found
Searching statuses for user:  AliceMarshall
Statused Found
Searching statuses for user:  rainbowdragon
No Statuses found
Searching statuses for user:  lydiaschoch
No Statuses found
Searching statuses for user:  cwicseolfor
No Statuses found
Searching statuses for user:  AliceMarshall
Statused Found
Searching statuses for user:  fkaOctaviaKeats
No Statuses found
Searching statuses for user:  SallyStrange
No Statuses found
Searching statuses for user:  eowyn
No Statuses found
Searching statuses for user:  artcollisions
No Statuses found
Searching statuses for user:  ecologist
No Statuses found
Searching statuses for user:  RamenCatholic
No Statuses found
Searching statuses for user:  smooz
No Statuses found
Searching statuses for user:  maggiemaybe
No Statuses found
Searching statuses for user:  beatricejess
No Statuses found
Searching statuses for user:  Momgoth
No Statuses found
Searching statuses for user:  ReneeWestberry
No Statuses found
Searching statuses for user:  ricmadeira
No Statuses found
Searching statuses for user:  bobjmsn
No Statuses found
Searching statuses for user:  iBlame
No Statuses found
Searching statuses for user:  GreenSkyOverMe
No Statuses found
Searching statuses for user:  indigo8s
No Statuses found
Searching statuses for user:  Sharksonaplane
No Statuses found
Searching statuses for user:  aral
No Statuses found
Searching statuses for user:  blogdiva
Statused Found
Searching statuses for user:  lurkingintheplants
No Statuses found
Searching statuses for user:  teajaygrey
No Statuses found
Searching statuses for user:  realn2s
No Statuses found
Searching statuses for user:  thorncoyle
No Statuses found
Searching statuses for user:  thunderfist
No Statuses found
Searching statuses for user:  bhaugen
No Statuses found
Searching statuses for user:  AliceMarshall
Statused Found
Searching statuses for user:  TashaKostolany
No Statuses found
Searching statuses for user:  salliebecker
No Statuses found
Searching statuses for user:  freejust
No Statuses found
Searching statuses for user:  luggage
No Statuses found
Searching statuses for user:  jna
No Statuses found
Searching statuses for user:  veirling
No Statuses found
Searching statuses for user:  BatsInLavender
No Statuses found
Searching statuses for user:  Christo
No Statuses found
Searching statuses for user:  Edelruth
No Statuses found
Searching statuses for user:  AliceMarshall
Statused Found
Searching statuses for user:  eilonwy
No Statuses found
Searching statuses for user:  MPgh
No Statuses found
Searching statuses for user:  cmooreart
No Statuses found
Searching statuses for user:  earthlingusa
No Statuses found
Searching statuses for user:  oldredsubby
No Statuses found
Searching statuses for user:  LK_Sass
No Statuses found
Searching statuses for user:  no1lion99
No Statuses found
Searching statuses for user:  redcrew
No Statuses found
Searching statuses for user:  JLW
No Statuses found
Searching statuses for user:  grumpybozo
No Statuses found
Searching statuses for user:  Anneheathen
No Statuses found
Searching statuses for user:  lynxcat
No Statuses found
Searching statuses for user:  isotope239
No Statuses found
Searching statuses for user:  Hoos
No Statuses found
Searching statuses for user:  YourNeighbor57
No Statuses found
Searching statuses for user:  Lazarou
No Statuses found
Searching statuses for user:  Yoshi
No Statuses found
Searching statuses for user:  tadbithuman
No Statuses found
Searching statuses for user:  gwaldby
No Statuses found
Searching statuses for user:  AliceMarshall
Statused Found
Searching statuses for user:  JoeChip
Statused Found
Searching statuses for user:  autogestion
No Statuses found
Searching statuses for user:  BernieDoesIt
No Statuses found
Searching statuses for user:  psychoatberea
No Statuses found
Searching statuses for user:  ericg
No Statuses found
Searching statuses for user:  gdinwiddie
No Statuses found
Searching statuses for user:  null_hypothesis
No Statuses found
Searching statuses for user:  bmacDonald94
No Statuses found
Searching statuses for user:  JAWG
No Statuses found
Searching statuses for user:  seachanger
No Statuses found
Searching statuses for user:  woodrat
No Statuses found
